The system is: Darwin - 12.5.0 - i386
Compiling the C compiler identification source file "CMakeCCompilerId.c" succeeded.
Compiler: /usr/bin/cc 
Build flags: 
Id flags: 

The output was:
0


Compilation of the C compiler identification source "CMakeCCompilerId.c" produced "a.out"

The C compiler identification is Clang, found in "/Users/andreabortolossi/Desktop/CODICI/CMAKE/MathFunctions/CMakeFiles/2.8.10.2/CompilerIdC/a.out"

Compiling the CXX compiler identification source file "CMakeCXXCompilerId.cpp" succeeded.
Compiler: /usr/bin/c++ 
Build flags: 
Id flags: 

The output was:
0


Compilation of the CXX compiler identification source "CMakeCXXCompilerId.cpp" produced "a.out"

The CXX compiler identification is Clang, found in "/Users/andreabortolossi/Desktop/CODICI/CMAKE/MathFunctions/CMakeFiles/2.8.10.2/CompilerIdCXX/a.out"

Determining if the C compiler works passed with the following output:
Change Dir: /Users/andreabortolossi/Desktop/CODICI/CMAKE/MathFunctions/CMakeFiles/CMakeTmp

Run Build Command:/opt/local/bin/gmake "cmTryCompileExec1770272476/fast"
/opt/local/bin/gmake -f CMakeFiles/cmTryCompileExec1770272476.dir/build.make CMakeFiles/cmTryCompileExec1770272476.dir/build
gmake[1]: Entering directory `/Users/andreabortolossi/Desktop/CODICI/CMAKE/MathFunctions/CMakeFiles/CMakeTmp'
/opt/local/bin/cmake -E cmake_progress_report /Users/andreabortolossi/Desktop/CODICI/CMAKE/MathFunctions/CMakeFiles/CMakeTmp/CMakeFiles 1
Building C object CMakeFiles/cmTryCompileExec1770272476.dir/testCCompiler.c.o
/usr/bin/cc    -o CMakeFiles/cmTryCompileExec1770272476.dir/testCCompiler.c.o   -c /Users/andreabortolossi/Desktop/CODICI/CMAKE/MathFunctions/CMakeFiles/CMakeTmp/testCCompiler.c
Linking C executable cmTryCompileExec1770272476
/opt/local/bin/cmake -E cmake_link_script CMakeFiles/cmTryCompileExec1770272476.dir/link.txt --verbose=1
/usr/bin/cc      -Wl,-search_paths_first -Wl,-headerpad_max_install_names   CMakeFiles/cmTryCompileExec1770272476.dir/testCCompiler.c.o  -o cmTryCompileExec1770272476  
gmake[1]: Leaving directory `/Users/andreabortolossi/Desktop/CODICI/CMAKE/MathFunctions/CMakeFiles/CMakeTmp'


Detecting C compiler ABI info compiled with the following output:
Change Dir: /Users/andreabortolossi/Desktop/CODICI/CMAKE/MathFunctions/CMakeFiles/CMakeTmp

Run Build Command:/opt/local/bin/gmake "cmTryCompileExec3197028536/fast"
/opt/local/bin/gmake -f CMakeFiles/cmTryCompileExec3197028536.dir/build.make CMakeFiles/cmTryCompileExec3197028536.dir/build
gmake[1]: Entering directory `/Users/andreabortolossi/Desktop/CODICI/CMAKE/MathFunctions/CMakeFiles/CMakeTmp'
/opt/local/bin/cmake -E cmake_progress_report /Users/andreabortolossi/Desktop/CODICI/CMAKE/MathFunctions/CMakeFiles/CMakeTmp/CMakeFiles 1
Building C object CMakeFiles/cmTryCompileExec3197028536.dir/CMakeCCompilerABI.c.o
/usr/bin/cc    -o CMakeFiles/cmTryCompileExec3197028536.dir/CMakeCCompilerABI.c.o   -c /opt/local/share/cmake-2.8/Modules/CMakeCCompilerABI.c
Linking C executable cmTryCompileExec3197028536
/opt/local/bin/cmake -E cmake_link_script CMakeFiles/cmTryCompileExec3197028536.dir/link.txt --verbose=1
/usr/bin/cc      -Wl,-search_paths_first -Wl,-headerpad_max_install_names -v CMakeFiles/cmTryCompileExec3197028536.dir/CMakeCCompilerABI.c.o  -o cmTryCompileExec3197028536   
Apple LLVM version 4.2 (clang-425.0.28) (based on LLVM 3.2svn)
Target: x86_64-apple-darwin12.5.0
Thread model: posix
 "/usr/bin/ld" -demangle -dynamic -arch x86_64 -macosx_version_min 10.8.0 -o cmTryCompileExec3197028536 -search_paths_first -headerpad_max_install_names CMakeFiles/cmTryCompileExec3197028536.dir/CMakeCCompilerABI.c.o -lSystem /usr/bin/../lib/clang/4.2/lib/darwin/libclang_rt.osx.a
gmake[1]: Leaving directory `/Users/andreabortolossi/Desktop/CODICI/CMAKE/MathFunctions/CMakeFiles/CMakeTmp'


Parsed C implicit link information from above output:
  link line regex: [^( *|.*[/\])(ld|ld|collect2)[^/\]*( |$)]
  ignore line: [Change Dir: /Users/andreabortolossi/Desktop/CODICI/CMAKE/MathFunctions/CMakeFiles/CMakeTmp]
  ignore line: []
  ignore line: [Run Build Command:/opt/local/bin/gmake "cmTryCompileExec3197028536/fast"]
  ignore line: [/opt/local/bin/gmake -f CMakeFiles/cmTryCompileExec3197028536.dir/build.make CMakeFiles/cmTryCompileExec3197028536.dir/build]
  ignore line: [gmake[1]: Entering directory `/Users/andreabortolossi/Desktop/CODICI/CMAKE/MathFunctions/CMakeFiles/CMakeTmp']
  ignore line: [/opt/local/bin/cmake -E cmake_progress_report /Users/andreabortolossi/Desktop/CODICI/CMAKE/MathFunctions/CMakeFiles/CMakeTmp/CMakeFiles 1]
  ignore line: [Building C object CMakeFiles/cmTryCompileExec3197028536.dir/CMakeCCompilerABI.c.o]
  ignore line: [/usr/bin/cc    -o CMakeFiles/cmTryCompileExec3197028536.dir/CMakeCCompilerABI.c.o   -c /opt/local/share/cmake-2.8/Modules/CMakeCCompilerABI.c]
  ignore line: [Linking C executable cmTryCompileExec3197028536]
  ignore line: [/opt/local/bin/cmake -E cmake_link_script CMakeFiles/cmTryCompileExec3197028536.dir/link.txt --verbose=1]
  ignore line: [/usr/bin/cc      -Wl,-search_paths_first -Wl,-headerpad_max_install_names -v CMakeFiles/cmTryCompileExec3197028536.dir/CMakeCCompilerABI.c.o  -o cmTryCompileExec3197028536   ]
  ignore line: [Apple LLVM version 4.2 (clang-425.0.28) (based on LLVM 3.2svn)]
  ignore line: [Target: x86_64-apple-darwin12.5.0]
  ignore line: [Thread model: posix]
  link line: [ "/usr/bin/ld" -demangle -dynamic -arch x86_64 -macosx_version_min 10.8.0 -o cmTryCompileExec3197028536 -search_paths_first -headerpad_max_install_names CMakeFiles/cmTryCompileExec3197028536.dir/CMakeCCompilerABI.c.o -lSystem /usr/bin/../lib/clang/4.2/lib/darwin/libclang_rt.osx.a]
    arg [/usr/bin/ld] ==> ignore
    arg [-demangle] ==> ignore
    arg [-dynamic] ==> ignore
    arg [-arch] ==> ignore
    arg [x86_64] ==> ignore
    arg [-macosx_version_min] ==> ignore
    arg [10.8.0] ==> ignore
    arg [-o] ==> ignore
    arg [cmTryCompileExec3197028536] ==> ignore
    arg [-search_paths_first] ==> ignore
    arg [-headerpad_max_install_names] ==> ignore
    arg [CMakeFiles/cmTryCompileExec3197028536.dir/CMakeCCompilerABI.c.o] ==> ignore
    arg [-lSystem] ==> lib [System]
    arg [/usr/bin/../lib/clang/4.2/lib/darwin/libclang_rt.osx.a] ==> lib [/usr/bin/../lib/clang/4.2/lib/darwin/libclang_rt.osx.a]
  remove lib [System]
  implicit libs: [/usr/bin/../lib/clang/4.2/lib/darwin/libclang_rt.osx.a]
  implicit dirs: []


Determining if the CXX compiler works passed with the following output:
Change Dir: /Users/andreabortolossi/Desktop/CODICI/CMAKE/MathFunctions/CMakeFiles/CMakeTmp

Run Build Command:/opt/local/bin/gmake "cmTryCompileExec3720064929/fast"
/opt/local/bin/gmake -f CMakeFiles/cmTryCompileExec3720064929.dir/build.make CMakeFiles/cmTryCompileExec3720064929.dir/build
gmake[1]: Entering directory `/Users/andreabortolossi/Desktop/CODICI/CMAKE/MathFunctions/CMakeFiles/CMakeTmp'
/opt/local/bin/cmake -E cmake_progress_report /Users/andreabortolossi/Desktop/CODICI/CMAKE/MathFunctions/CMakeFiles/CMakeTmp/CMakeFiles 1
Building CXX object CMakeFiles/cmTryCompileExec3720064929.dir/testCXXCompiler.cxx.o
/usr/bin/c++     -o CMakeFiles/cmTryCompileExec3720064929.dir/testCXXCompiler.cxx.o -c /Users/andreabortolossi/Desktop/CODICI/CMAKE/MathFunctions/CMakeFiles/CMakeTmp/testCXXCompiler.cxx
Linking CXX executable cmTryCompileExec3720064929
/opt/local/bin/cmake -E cmake_link_script CMakeFiles/cmTryCompileExec3720064929.dir/link.txt --verbose=1
/usr/bin/c++       -Wl,-search_paths_first -Wl,-headerpad_max_install_names   CMakeFiles/cmTryCompileExec3720064929.dir/testCXXCompiler.cxx.o  -o cmTryCompileExec3720064929  
gmake[1]: Leaving directory `/Users/andreabortolossi/Desktop/CODICI/CMAKE/MathFunctions/CMakeFiles/CMakeTmp'


Detecting CXX compiler ABI info compiled with the following output:
Change Dir: /Users/andreabortolossi/Desktop/CODICI/CMAKE/MathFunctions/CMakeFiles/CMakeTmp

Run Build Command:/opt/local/bin/gmake "cmTryCompileExec422522564/fast"
/opt/local/bin/gmake -f CMakeFiles/cmTryCompileExec422522564.dir/build.make CMakeFiles/cmTryCompileExec422522564.dir/build
gmake[1]: Entering directory `/Users/andreabortolossi/Desktop/CODICI/CMAKE/MathFunctions/CMakeFiles/CMakeTmp'
/opt/local/bin/cmake -E cmake_progress_report /Users/andreabortolossi/Desktop/CODICI/CMAKE/MathFunctions/CMakeFiles/CMakeTmp/CMakeFiles 1
Building CXX object CMakeFiles/cmTryCompileExec422522564.dir/CMakeCXXCompilerABI.cpp.o
/usr/bin/c++     -o CMakeFiles/cmTryCompileExec422522564.dir/CMakeCXXCompilerABI.cpp.o -c /opt/local/share/cmake-2.8/Modules/CMakeCXXCompilerABI.cpp
Linking CXX executable cmTryCompileExec422522564
/opt/local/bin/cmake -E cmake_link_script CMakeFiles/cmTryCompileExec422522564.dir/link.txt --verbose=1
/usr/bin/c++       -Wl,-search_paths_first -Wl,-headerpad_max_install_names -v CMakeFiles/cmTryCompileExec422522564.dir/CMakeCXXCompilerABI.cpp.o  -o cmTryCompileExec422522564   
Apple LLVM version 4.2 (clang-425.0.28) (based on LLVM 3.2svn)
Target: x86_64-apple-darwin12.5.0
Thread model: posix
 "/usr/bin/ld" -demangle -dynamic -arch x86_64 -macosx_version_min 10.8.0 -o cmTryCompileExec422522564 -search_paths_first -headerpad_max_install_names CMakeFiles/cmTryCompileExec422522564.dir/CMakeCXXCompilerABI.cpp.o -lstdc++ -lSystem /usr/bin/../lib/clang/4.2/lib/darwin/libclang_rt.osx.a
gmake[1]: Leaving directory `/Users/andreabortolossi/Desktop/CODICI/CMAKE/MathFunctions/CMakeFiles/CMakeTmp'


Parsed CXX implicit link information from above output:
  link line regex: [^( *|.*[/\])(ld|ld|collect2)[^/\]*( |$)]
  ignore line: [Change Dir: /Users/andreabortolossi/Desktop/CODICI/CMAKE/MathFunctions/CMakeFiles/CMakeTmp]
  ignore line: []
  ignore line: [Run Build Command:/opt/local/bin/gmake "cmTryCompileExec422522564/fast"]
  ignore line: [/opt/local/bin/gmake -f CMakeFiles/cmTryCompileExec422522564.dir/build.make CMakeFiles/cmTryCompileExec422522564.dir/build]
  ignore line: [gmake[1]: Entering directory `/Users/andreabortolossi/Desktop/CODICI/CMAKE/MathFunctions/CMakeFiles/CMakeTmp']
  ignore line: [/opt/local/bin/cmake -E cmake_progress_report /Users/andreabortolossi/Desktop/CODICI/CMAKE/MathFunctions/CMakeFiles/CMakeTmp/CMakeFiles 1]
  ignore line: [Building CXX object CMakeFiles/cmTryCompileExec422522564.dir/CMakeCXXCompilerABI.cpp.o]
  ignore line: [/usr/bin/c++     -o CMakeFiles/cmTryCompileExec422522564.dir/CMakeCXXCompilerABI.cpp.o -c /opt/local/share/cmake-2.8/Modules/CMakeCXXCompilerABI.cpp]
  ignore line: [Linking CXX executable cmTryCompileExec422522564]
  ignore line: [/opt/local/bin/cmake -E cmake_link_script CMakeFiles/cmTryCompileExec422522564.dir/link.txt --verbose=1]
  ignore line: [/usr/bin/c++       -Wl,-search_paths_first -Wl,-headerpad_max_install_names -v CMakeFiles/cmTryCompileExec422522564.dir/CMakeCXXCompilerABI.cpp.o  -o cmTryCompileExec422522564   ]
  ignore line: [Apple LLVM version 4.2 (clang-425.0.28) (based on LLVM 3.2svn)]
  ignore line: [Target: x86_64-apple-darwin12.5.0]
  ignore line: [Thread model: posix]
  link line: [ "/usr/bin/ld" -demangle -dynamic -arch x86_64 -macosx_version_min 10.8.0 -o cmTryCompileExec422522564 -search_paths_first -headerpad_max_install_names CMakeFiles/cmTryCompileExec422522564.dir/CMakeCXXCompilerABI.cpp.o -lstdc++ -lSystem /usr/bin/../lib/clang/4.2/lib/darwin/libclang_rt.osx.a]
    arg [/usr/bin/ld] ==> ignore
    arg [-demangle] ==> ignore
    arg [-dynamic] ==> ignore
    arg [-arch] ==> ignore
    arg [x86_64] ==> ignore
    arg [-macosx_version_min] ==> ignore
    arg [10.8.0] ==> ignore
    arg [-o] ==> ignore
    arg [cmTryCompileExec422522564] ==> ignore
    arg [-search_paths_first] ==> ignore
    arg [-headerpad_max_install_names] ==> ignore
    arg [CMakeFiles/cmTryCompileExec422522564.dir/CMakeCXXCompilerABI.cpp.o] ==> ignore
    arg [-lstdc++] ==> lib [stdc++]
    arg [-lSystem] ==> lib [System]
    arg [/usr/bin/../lib/clang/4.2/lib/darwin/libclang_rt.osx.a] ==> lib [/usr/bin/../lib/clang/4.2/lib/darwin/libclang_rt.osx.a]
  remove lib [System]
  implicit libs: [stdc++;/usr/bin/../lib/clang/4.2/lib/darwin/libclang_rt.osx.a]
  implicit dirs: []


